2024-10-30 13:22:33,603 DEBUG    root            Loaded Command Group: ['gcloud', 'components']
2024-10-30 13:22:33,606 DEBUG    root            Loaded Command Group: ['gcloud', 'components', 'update']
2024-10-30 13:22:33,609 DEBUG    root            Running [gcloud.components.update] with arguments: [--quiet: "True", COMPONENT-IDS:8: "['gcloud', 'core', 'bq', 'gsutil', 'compute', 'preview', 'alpha', 'beta']"]
2024-10-30 13:22:33,610 INFO     ___FILE_ONLY___ Beginning update. This process may take several minutes.

2024-10-30 13:22:33,620 DEBUG    urllib3.connectionpool Starting new HTTPS connection (1): dl.google.com:443
2024-10-30 13:22:33,686 DEBUG    urllib3.connectionpool https://dl.google.com:443 "GET /dl/cloudsdk/channels/rapid/components-2.json HTTP/1.1" 200 226997
2024-10-30 13:22:33,707 WARNING  root            Component [preview] no longer exists.
2024-10-30 13:22:33,708 WARNING  root            Component [compute] no longer exists.
2024-10-30 13:22:33,709 INFO     ___FILE_ONLY___ 

2024-10-30 13:22:33,709 INFO     ___FILE_ONLY___ 
Your current Google Cloud CLI version is: 499.0.0

2024-10-30 13:22:33,709 INFO     ___FILE_ONLY___ Installing components from version: 499.0.0

2024-10-30 13:22:33,709 INFO     ___FILE_ONLY___ 

2024-10-30 13:22:33,710 DEBUG    root            Chosen display Format:table[box,title="These components will be removed."](details.display_name:label=Name:align=left,version.version_string:label=Version:align=right,data.size.size(zero="",min=1048576):label=Size:align=right)
2024-10-30 13:22:33,710 DEBUG    root            Chosen display Format:table[box,title="These components will be updated."](details.display_name:label=Name:align=left,version.version_string:label=Version:align=right,data.size.size(zero="",min=1048576):label=Size:align=right)
2024-10-30 13:22:33,711 DEBUG    root            Chosen display Format:table[box,title="These components will be installed."](details.display_name:label=Name:align=left,version.version_string:label=Version:align=right,data.size.size(zero="",min=1048576):label=Size:align=right)
2024-10-30 13:22:33,733 INFO     ___FILE_ONLY___ ┌──────────────────────────────────────────────┐
2024-10-30 13:22:33,733 INFO     ___FILE_ONLY___ 

2024-10-30 13:22:33,733 INFO     ___FILE_ONLY___ │     These components will be installed.      │
2024-10-30 13:22:33,733 INFO     ___FILE_ONLY___ 

2024-10-30 13:22:33,733 INFO     ___FILE_ONLY___ ├───────────────────────┬────────────┬─────────┤
2024-10-30 13:22:33,733 INFO     ___FILE_ONLY___ 

2024-10-30 13:22:33,733 INFO     ___FILE_ONLY___ │          Name         │  Version   │   Size  │
2024-10-30 13:22:33,733 INFO     ___FILE_ONLY___ 

2024-10-30 13:22:33,733 INFO     ___FILE_ONLY___ ├───────────────────────┼────────────┼─────────┤
2024-10-30 13:22:33,733 INFO     ___FILE_ONLY___ 

2024-10-30 13:22:33,733 INFO     ___FILE_ONLY___ │ 
2024-10-30 13:22:33,734 INFO     ___FILE_ONLY___ gcloud Alpha Commands
2024-10-30 13:22:33,734 INFO     ___FILE_ONLY___  
2024-10-30 13:22:33,734 INFO     ___FILE_ONLY___ │ 
2024-10-30 13:22:33,734 INFO     ___FILE_ONLY___ 2024.10.25
2024-10-30 13:22:33,734 INFO     ___FILE_ONLY___  
2024-10-30 13:22:33,734 INFO     ___FILE_ONLY___ │ 
2024-10-30 13:22:33,734 INFO     ___FILE_ONLY___ < 1 MiB
2024-10-30 13:22:33,734 INFO     ___FILE_ONLY___  
2024-10-30 13:22:33,734 INFO     ___FILE_ONLY___ │
2024-10-30 13:22:33,734 INFO     ___FILE_ONLY___ 

2024-10-30 13:22:33,734 INFO     ___FILE_ONLY___ │ 
2024-10-30 13:22:33,734 INFO     ___FILE_ONLY___ gcloud Beta Commands 
2024-10-30 13:22:33,734 INFO     ___FILE_ONLY___  
2024-10-30 13:22:33,734 INFO     ___FILE_ONLY___ │ 
2024-10-30 13:22:33,735 INFO     ___FILE_ONLY___ 2024.10.25
2024-10-30 13:22:33,735 INFO     ___FILE_ONLY___  
2024-10-30 13:22:33,735 INFO     ___FILE_ONLY___ │ 
2024-10-30 13:22:33,735 INFO     ___FILE_ONLY___ < 1 MiB
2024-10-30 13:22:33,735 INFO     ___FILE_ONLY___  
2024-10-30 13:22:33,735 INFO     ___FILE_ONLY___ │
2024-10-30 13:22:33,735 INFO     ___FILE_ONLY___ 

2024-10-30 13:22:33,735 INFO     ___FILE_ONLY___ └───────────────────────┴────────────┴─────────┘
2024-10-30 13:22:33,735 INFO     ___FILE_ONLY___ 

2024-10-30 13:22:33,735 INFO     ___FILE_ONLY___ 

2024-10-30 13:22:33,739 DEBUG    urllib3.connectionpool Starting new HTTPS connection (1): dl.google.com:443
2024-10-30 13:22:33,800 DEBUG    urllib3.connectionpool https://dl.google.com:443 "GET /dl/cloudsdk/channels/rapid/RELEASE_NOTES HTTP/1.1" 200 1304192
2024-10-30 13:22:33,870 INFO     ___FILE_ONLY___ For the latest full release notes, please visit:
  https://cloud.google.com/sdk/release_notes


2024-10-30 13:22:33,870 INFO     ___FILE_ONLY___ Performing in place update...


2024-10-30 13:22:33,872 INFO     ___FILE_ONLY___ ╔════════════════════════════════════════════════════════════╗

2024-10-30 13:22:33,872 INFO     ___FILE_ONLY___ ╠═ Downloading: gcloud Alpha Commands                       ═╣

2024-10-30 13:22:33,872 INFO     ___FILE_ONLY___ ╚
2024-10-30 13:22:33,876 DEBUG    urllib3.connectionpool Starting new HTTPS connection (1): dl.google.com:443
2024-10-30 13:22:33,939 DEBUG    urllib3.connectionpool https://dl.google.com:443 "GET /dl/cloudsdk/channels/rapid/components/google-cloud-sdk-alpha-20241025173437.tar.gz HTTP/1.1" 200 800
2024-10-30 13:22:33,939 INFO     ___FILE_ONLY___ ════════════════════════════════════════════════════════════
2024-10-30 13:22:33,939 INFO     ___FILE_ONLY___ ╝

2024-10-30 13:22:33,941 INFO     ___FILE_ONLY___ ╔════════════════════════════════════════════════════════════╗

2024-10-30 13:22:33,942 INFO     ___FILE_ONLY___ ╠═ Downloading: gcloud Beta Commands                        ═╣

2024-10-30 13:22:33,942 INFO     ___FILE_ONLY___ ╚
2024-10-30 13:22:33,945 DEBUG    urllib3.connectionpool Starting new HTTPS connection (1): dl.google.com:443
2024-10-30 13:22:34,008 DEBUG    urllib3.connectionpool https://dl.google.com:443 "GET /dl/cloudsdk/channels/rapid/components/google-cloud-sdk-beta-20241025173437.tar.gz HTTP/1.1" 200 797
2024-10-30 13:22:34,008 INFO     ___FILE_ONLY___ ════════════════════════════════════════════════════════════
2024-10-30 13:22:34,009 INFO     ___FILE_ONLY___ ╝

2024-10-30 13:22:34,011 INFO     ___FILE_ONLY___ ╔════════════════════════════════════════════════════════════╗

2024-10-30 13:22:34,011 INFO     ___FILE_ONLY___ ╠═ Installing: gcloud Alpha Commands                        ═╣

2024-10-30 13:22:34,011 INFO     ___FILE_ONLY___ ╚
2024-10-30 13:22:34,012 INFO     ___FILE_ONLY___ ════════════════════════════════════════════════════════════
2024-10-30 13:22:34,012 INFO     ___FILE_ONLY___ ╝

2024-10-30 13:22:34,022 INFO     ___FILE_ONLY___ ╔════════════════════════════════════════════════════════════╗

2024-10-30 13:22:34,022 INFO     ___FILE_ONLY___ ╠═ Installing: gcloud Beta Commands                         ═╣

2024-10-30 13:22:34,022 INFO     ___FILE_ONLY___ ╚
2024-10-30 13:22:34,023 INFO     ___FILE_ONLY___ ════════════════════════════════════════════════════════════
2024-10-30 13:22:34,023 INFO     ___FILE_ONLY___ ╝

2024-10-30 13:22:34,033 DEBUG    root            Updating notification cache...
2024-10-30 13:22:34,033 INFO     ___FILE_ONLY___ 

2024-10-30 13:22:34,036 INFO     ___FILE_ONLY___ Performing post processing steps...
2024-10-30 13:22:34,036 DEBUG    root            Executing command: ['/tools/google-cloud-sdk/bin/gcloud', 'components', 'post-process']
2024-10-30 13:22:46,774 DEBUG    ___FILE_ONLY___ 
2024-10-30 13:22:46,774 DEBUG    ___FILE_ONLY___ 
2024-10-30 13:22:46,812 INFO     ___FILE_ONLY___ 
Update done!


2024-10-30 13:22:46,815 DEBUG    root            Chosen display Format:none
2024-10-30 13:22:46,816 INFO     root            Display format: "none"
